{
  "/app/src/stories/Button.vue": {
    "path": "/app/src/stories/Button.vue",
    "statementMap": {
      "0": {
        "start": {
          "line": 9,
          "column": 14
        },
        "end": {
          "line": 9,
          "column": null
        }
      },
      "1": {
        "start": {
          "line": 29,
          "column": 13
        },
        "end": {
          "line": 29,
          "column": null
        }
      },
      "2": {
        "start": {
          "line": 33,
          "column": 16
        },
        "end": {
          "line": 38,
          "column": null
        }
      },
      "3": {
        "start": {
          "line": 33,
          "column": 32
        },
        "end": {
          "line": 38,
          "column": 2
        }
      },
      "4": {
        "start": {
          "line": 40,
          "column": 14
        },
        "end": {
          "line": 42,
          "column": null
        }
      },
      "5": {
        "start": {
          "line": 40,
          "column": 30
        },
        "end": {
          "line": 42,
          "column": 2
        }
      },
      "6": {
        "start": {
          "line": 44,
          "column": 16
        },
        "end": {
          "line": 46,
          "column": null
        }
      },
      "7": {
        "start": {
          "line": 45,
          "column": 2
        },
        "end": {
          "line": 45,
          "column": null
        }
      },
      "8": {
        "start": {
          "line": 2,
          "column": 2
        },
        "end": {
          "line": 2,
          "column": 94
        }
      }
    },
    "fnMap": {
      "0": {
        "name": "(anonymous_1)",
        "decl": {
          "start": {
            "line": 33,
            "column": 25
          },
          "end": {
            "line": 33,
            "column": 32
          }
        },
        "loc": {
          "start": {
            "line": 33,
            "column": 32
          },
          "end": {
            "line": 38,
            "column": 2
          }
        }
      },
      "1": {
        "name": "(anonymous_2)",
        "decl": {
          "start": {
            "line": 40,
            "column": 23
          },
          "end": {
            "line": 40,
            "column": 30
          }
        },
        "loc": {
          "start": {
            "line": 40,
            "column": 30
          },
          "end": {
            "line": 42,
            "column": 2
          }
        }
      },
      "2": {
        "name": "(anonymous_3)",
        "decl": {
          "start": {
            "line": 44,
            "column": 16
          },
          "end": {
            "line": 44,
            "column": 22
          }
        },
        "loc": {
          "start": {
            "line": 44,
            "column": 22
          },
          "end": {
            "line": 46,
            "column": null
          }
        }
      }
    },
    "branchMap": {
      "0": {
        "loc": {
          "start": {
            "line": 37,
            "column": 24
          },
          "end": {
            "line": 37,
            "column": 46
          }
        },
        "type": "binary-expr",
        "locations": [
          {
            "start": {
              "line": 37,
              "column": 24
            },
            "end": {
              "line": 37,
              "column": 38
            }
          },
          {
            "start": {
              "line": 37,
              "column": 38
            },
            "end": {
              "line": 37,
              "column": 46
            }
          }
        ]
      }
    },
    "s": {
      "0": 26,
      "1": 26,
      "2": 26,
      "3": 26,
      "4": 26,
      "5": 26,
      "6": 26,
      "7": 2,
      "8": 26
    },
    "f": {
      "0": 26,
      "1": 26,
      "2": 2
    },
    "b": {
      "0": [
        26,
        9
      ]
    }
  },
  "/app/src/stories/Header.vue": {
    "path": "/app/src/stories/Header.vue",
    "statementMap": {
      "0": {
        "start": {
          "line": 3,
          "column": 9
        },
        "end": {
          "line": 3,
          "column": null
        }
      },
      "1": {
        "start": {
          "line": 1,
          "column": 0
        },
        "end": {
          "line": 1,
          "column": null
        }
      },
      "2": {
        "start": {
          "line": 16,
          "column": 40
        },
        "end": {
          "line": 16,
          "column": 57
        }
      },
      "3": {
        "start": {
          "line": 17,
          "column": 40
        },
        "end": {
          "line": 17,
          "column": 56
        }
      },
      "4": {
        "start": {
          "line": 18,
          "column": 48
        },
        "end": {
          "line": 18,
          "column": 72
        }
      }
    },
    "fnMap": {
      "0": {
        "name": "(anonymous_2)",
        "decl": {
          "start": {
            "line": 16,
            "column": 38
          },
          "end": {
            "line": 16,
            "column": 40
          }
        },
        "loc": {
          "start": {
            "line": 16,
            "column": 40
          },
          "end": {
            "line": 16,
            "column": 57
          }
        }
      },
      "1": {
        "name": "(anonymous_3)",
        "decl": {
          "start": {
            "line": 17,
            "column": 38
          },
          "end": {
            "line": 17,
            "column": 40
          }
        },
        "loc": {
          "start": {
            "line": 17,
            "column": 40
          },
          "end": {
            "line": 17,
            "column": 56
          }
        }
      },
      "2": {
        "name": "(anonymous_4)",
        "decl": {
          "start": {
            "line": 18,
            "column": 46
          },
          "end": {
            "line": 18,
            "column": 48
          }
        },
        "loc": {
          "start": {
            "line": 18,
            "column": 48
          },
          "end": {
            "line": 18,
            "column": 72
          }
        }
      }
    },
    "branchMap": {
      "0": {
        "loc": {
          "start": {
            "line": 15,
            "column": 36
          },
          "end": {
            "line": 1,
            "column": null
          }
        },
        "type": "cond-expr",
        "locations": [
          {
            "start": {
              "line": 15,
              "column": 36
            },
            "end": {
              "line": 15,
              "column": 81
            }
          },
          {
            "start": {
              "line": 1,
              "column": 0
            },
            "end": {
              "line": 1,
              "column": null
            }
          }
        ]
      },
      "1": {
        "loc": {
          "start": {
            "line": 16,
            "column": 79
          },
          "end": {
            "line": 1,
            "column": null
          }
        },
        "type": "cond-expr",
        "locations": [
          {
            "start": {
              "line": 16,
              "column": 79
            },
            "end": {
              "line": 1,
              "column": -1
            }
          },
          {
            "start": {
              "line": 1,
              "column": 0
            },
            "end": {
              "line": 1,
              "column": null
            }
          }
        ]
      },
      "2": {
        "loc": {
          "start": {
            "line": 16,
            "column": 38
          },
          "end": {
            "line": 16,
            "column": 57
          }
        },
        "type": "binary-expr",
        "locations": [
          {
            "start": {
              "line": 16,
              "column": 38
            },
            "end": {
              "line": 16,
              "column": 40
            }
          },
          {
            "start": {
              "line": 16,
              "column": 38
            },
            "end": {
              "line": 16,
              "column": 57
            }
          }
        ]
      },
      "3": {
        "loc": {
          "start": {
            "line": 1,
            "column": 0
          },
          "end": {
            "line": 1,
            "column": null
          }
        },
        "type": "cond-expr",
        "locations": [
          {
            "start": {
              "line": 17,
              "column": 78
            },
            "end": {
              "line": 1,
              "column": -1
            }
          },
          {
            "start": {
              "line": 1,
              "column": 0
            },
            "end": {
              "line": 1,
              "column": null
            }
          }
        ]
      },
      "4": {
        "loc": {
          "start": {
            "line": 17,
            "column": 38
          },
          "end": {
            "line": 17,
            "column": 56
          }
        },
        "type": "binary-expr",
        "locations": [
          {
            "start": {
              "line": 17,
              "column": 38
            },
            "end": {
              "line": 17,
              "column": 40
            }
          },
          {
            "start": {
              "line": 17,
              "column": 38
            },
            "end": {
              "line": 17,
              "column": 56
            }
          }
        ]
      },
      "5": {
        "loc": {
          "start": {
            "line": 1,
            "column": 0
          },
          "end": {
            "line": 1,
            "column": null
          }
        },
        "type": "cond-expr",
        "locations": [
          {
            "start": {
              "line": 18,
              "column": 95
            },
            "end": {
              "line": 1,
              "column": -1
            }
          },
          {
            "start": {
              "line": 1,
              "column": 0
            },
            "end": {
              "line": 1,
              "column": null
            }
          }
        ]
      },
      "6": {
        "loc": {
          "start": {
            "line": 18,
            "column": 46
          },
          "end": {
            "line": 18,
            "column": 72
          }
        },
        "type": "binary-expr",
        "locations": [
          {
            "start": {
              "line": 18,
              "column": 46
            },
            "end": {
              "line": 18,
              "column": 48
            }
          },
          {
            "start": {
              "line": 18,
              "column": 46
            },
            "end": {
              "line": 18,
              "column": 72
            }
          }
        ]
      }
    },
    "s": {
      "0": 4,
      "1": 4,
      "2": 0,
      "3": 2,
      "4": 0
    },
    "f": {
      "0": 0,
      "1": 2,
      "2": 0
    },
    "b": {
      "0": [
        4,
        4
      ],
      "1": [
        4,
        4
      ],
      "2": [
        4,
        4
      ],
      "3": [
        4,
        4
      ],
      "4": [
        4,
        4
      ],
      "5": [
        4,
        4
      ],
      "6": [
        4,
        4
      ]
    }
  },
  "/app/src/stories/Page.vue": {
    "path": "/app/src/stories/Page.vue",
    "statementMap": {
      "0": {
        "start": {
          "line": 62,
          "column": 13
        },
        "end": {
          "line": 62,
          "column": null
        }
      },
      "1": {
        "start": {
          "line": 64,
          "column": 16
        },
        "end": {
          "line": 66,
          "column": null
        }
      },
      "2": {
        "start": {
          "line": 65,
          "column": 2
        },
        "end": {
          "line": 65,
          "column": null
        }
      },
      "3": {
        "start": {
          "line": 67,
          "column": 17
        },
        "end": {
          "line": 69,
          "column": null
        }
      },
      "4": {
        "start": {
          "line": 68,
          "column": 2
        },
        "end": {
          "line": 68,
          "column": null
        }
      },
      "5": {
        "start": {
          "line": 70,
          "column": 24
        },
        "end": {
          "line": 72,
          "column": null
        }
      },
      "6": {
        "start": {
          "line": 71,
          "column": 2
        },
        "end": {
          "line": 71,
          "column": null
        }
      },
      "7": {
        "start": {
          "line": 1,
          "column": 0
        },
        "end": {
          "line": 1,
          "column": null
        }
      },
      "8": {
        "start": {
          "line": 2,
          "column": 2
        },
        "end": {
          "line": 5,
          "column": null
        }
      }
    },
    "fnMap": {
      "0": {
        "name": "(anonymous_1)",
        "decl": {
          "start": {
            "line": 64,
            "column": 16
          },
          "end": {
            "line": 64,
            "column": 22
          }
        },
        "loc": {
          "start": {
            "line": 64,
            "column": 22
          },
          "end": {
            "line": 66,
            "column": null
          }
        }
      },
      "1": {
        "name": "(anonymous_2)",
        "decl": {
          "start": {
            "line": 67,
            "column": 17
          },
          "end": {
            "line": 67,
            "column": 23
          }
        },
        "loc": {
          "start": {
            "line": 67,
            "column": 23
          },
          "end": {
            "line": 69,
            "column": null
          }
        }
      },
      "2": {
        "name": "(anonymous_3)",
        "decl": {
          "start": {
            "line": 70,
            "column": 24
          },
          "end": {
            "line": 70,
            "column": 30
          }
        },
        "loc": {
          "start": {
            "line": 70,
            "column": 30
          },
          "end": {
            "line": 72,
            "column": null
          }
        }
      }
    },
    "branchMap": {},
    "s": {
      "0": 3,
      "1": 3,
      "2": 2,
      "3": 3,
      "4": 0,
      "5": 3,
      "6": 0,
      "7": 2,
      "8": 5
    },
    "f": {
      "0": 2,
      "1": 0,
      "2": 0
    },
    "b": {}
  },
  "/app/lib/utils/load.ts": {
    "path": "/app/lib/utils/load.ts",
    "statementMap": {
      "0": {
        "start": {
          "line": 5,
          "column": 4
        },
        "end": {
          "line": 5,
          "column": null
        }
      },
      "1": {
        "start": {
          "line": 6,
          "column": 4
        },
        "end": {
          "line": 6,
          "column": null
        }
      },
      "2": {
        "start": {
          "line": 7,
          "column": 4
        },
        "end": {
          "line": 20,
          "column": null
        }
      },
      "3": {
        "start": {
          "line": 9,
          "column": 12
        },
        "end": {
          "line": 13,
          "column": null
        }
      },
      "4": {
        "start": {
          "line": 10,
          "column": 16
        },
        "end": {
          "line": 10,
          "column": null
        }
      },
      "5": {
        "start": {
          "line": 12,
          "column": 16
        },
        "end": {
          "line": 12,
          "column": null
        }
      },
      "6": {
        "start": {
          "line": 14,
          "column": 12
        },
        "end": {
          "line": 14,
          "column": null
        }
      },
      "7": {
        "start": {
          "line": 15,
          "column": 12
        },
        "end": {
          "line": 15,
          "column": null
        }
      },
      "8": {
        "start": {
          "line": 18,
          "column": 12
        },
        "end": {
          "line": 18,
          "column": null
        }
      },
      "9": {
        "start": {
          "line": 19,
          "column": 12
        },
        "end": {
          "line": 19,
          "column": null
        }
      }
    },
    "fnMap": {
      "0": {
        "name": "load",
        "decl": {
          "start": {
            "line": 4,
            "column": 22
          },
          "end": {
            "line": 4,
            "column": 27
          }
        },
        "loc": {
          "start": {
            "line": 4,
            "column": 114
          },
          "end": {
            "line": 21,
            "column": null
          }
        }
      },
      "1": {
        "name": "(anonymous_1)",
        "decl": {
          "start": {
            "line": 8,
            "column": 14
          },
          "end": {
            "line": 8,
            "column": 15
          }
        },
        "loc": {
          "start": {
            "line": 8,
            "column": 23
          },
          "end": {
            "line": 16,
            "column": 9
          }
        }
      },
      "2": {
        "name": "(anonymous_2)",
        "decl": {
          "start": {
            "line": 17,
            "column": 15
          },
          "end": {
            "line": 17,
            "column": 21
          }
        },
        "loc": {
          "start": {
            "line": 17,
            "column": 21
          },
          "end": {
            "line": 20,
            "column": 9
          }
        }
      }
    },
    "branchMap": {
      "0": {
        "loc": {
          "start": {
            "line": 4,
            "column": 46
          },
          "end": {
            "line": 4,
            "column": 114
          }
        },
        "type": "default-arg",
        "locations": [
          {
            "start": {
              "line": 4,
              "column": 81
            },
            "end": {
              "line": 4,
              "column": 114
            }
          }
        ]
      },
      "1": {
        "loc": {
          "start": {
            "line": 9,
            "column": 12
          },
          "end": {
            "line": 13,
            "column": null
          }
        },
        "type": "if",
        "locations": [
          {
            "start": {
              "line": 9,
              "column": 12
            },
            "end": {
              "line": 13,
              "column": null
            }
          },
          {
            "start": {
              "line": 11,
              "column": 19
            },
            "end": {
              "line": 13,
              "column": null
            }
          }
        ]
      }
    },
    "s": {
      "0": 9,
      "1": 9,
      "2": 9,
      "3": 9,
      "4": 6,
      "5": 3,
      "6": 9,
      "7": 9,
      "8": 0,
      "9": 0
    },
    "f": {
      "0": 9,
      "1": 9,
      "2": 0
    },
    "b": {
      "0": [
        9
      ],
      "1": [
        6,
        3
      ]
    }
  },
  "/app/lib/components/TestComponent.vue": {
    "path": "/app/lib/components/TestComponent.vue",
    "statementMap": {
      "0": {
        "start": {
          "line": 10,
          "column": 14
        },
        "end": {
          "line": 10,
          "column": null
        }
      },
      "1": {
        "start": {
          "line": 11,
          "column": 20
        },
        "end": {
          "line": 11,
          "column": null
        }
      },
      "2": {
        "start": {
          "line": 11,
          "column": 26
        },
        "end": {
          "line": 11,
          "column": null
        }
      },
      "3": {
        "start": {
          "line": 16,
          "column": 14
        },
        "end": {
          "line": 16,
          "column": 36
        }
      },
      "4": {
        "start": {
          "line": 17,
          "column": 14
        },
        "end": {
          "line": 17,
          "column": 37
        }
      },
      "5": {
        "start": {
          "line": 15,
          "column": 4
        },
        "end": {
          "line": 17,
          "column": 52
        }
      }
    },
    "fnMap": {
      "0": {
        "name": "(anonymous_1)",
        "decl": {
          "start": {
            "line": 11,
            "column": 20
          },
          "end": {
            "line": 11,
            "column": 26
          }
        },
        "loc": {
          "start": {
            "line": 11,
            "column": 26
          },
          "end": {
            "line": 11,
            "column": null
          }
        }
      }
    },
    "branchMap": {},
    "s": {
      "0": 9,
      "1": 9,
      "2": 9,
      "3": 4,
      "4": 4,
      "5": 27
    },
    "f": {
      "0": 9
    },
    "b": {}
  },
  "/app/lib/utils/createGreeting.ts": {
    "path": "/app/lib/utils/createGreeting.ts",
    "statementMap": {
      "0": {
        "start": {
          "line": 2,
          "column": 4
        },
        "end": {
          "line": 2,
          "column": null
        }
      }
    },
    "fnMap": {
      "0": {
        "name": "createGreeting",
        "decl": {
          "start": {
            "line": 1,
            "column": 16
          },
          "end": {
            "line": 1,
            "column": 31
          }
        },
        "loc": {
          "start": {
            "line": 1,
            "column": 54
          },
          "end": {
            "line": 3,
            "column": null
          }
        }
      }
    },
    "branchMap": {
      "0": {
        "loc": {
          "start": {
            "line": 2,
            "column": 11
          },
          "end": {
            "line": 2,
            "column": null
          }
        },
        "type": "cond-expr",
        "locations": [
          {
            "start": {
              "line": 2,
              "column": 32
            },
            "end": {
              "line": 2,
              "column": 43
            }
          },
          {
            "start": {
              "line": 2,
              "column": 43
            },
            "end": {
              "line": 2,
              "column": null
            }
          }
        ]
      }
    },
    "s": {
      "0": 3
    },
    "f": {
      "0": 3
    },
    "b": {
      "0": [
        2,
        1
      ]
    }
  },
  "/app/lib/components/TestGreeting.vue": {
    "path": "/app/lib/components/TestGreeting.vue",
    "statementMap": {
      "0": {
        "start": {
          "line": 8,
          "column": 2
        },
        "end": {
          "line": 8,
          "column": 37
        }
      }
    },
    "fnMap": {},
    "branchMap": {},
    "s": {
      "0": 3
    },
    "f": {},
    "b": {}
  }
}