TN:
SF:lib/components/TestComponent.vue
FN:11,(anonymous_1)
FNF:1
FNH:1
FNDA:9,(anonymous_1)
DA:10,9
DA:11,9
DA:15,27
DA:16,4
DA:17,4
LF:5
LH:5
BRF:0
BRH:0
end_of_record
TN:
SF:lib/components/TestGreeting.vue
FNF:0
FNH:0
DA:8,3
LF:1
LH:1
BRF:0
BRH:0
end_of_record
TN:
SF:lib/utils/createGreeting.ts
FN:1,createGreeting
FNF:1
FNH:1
FNDA:3,createGreeting
DA:2,3
LF:1
LH:1
BRDA:2,0,0,2
BRDA:2,0,1,1
BRF:2
BRH:2
end_of_record
TN:
SF:lib/utils/load.ts
FN:4,load
FN:8,(anonymous_1)
FN:17,(anonymous_2)
FNF:3
FNH:2
FNDA:9,load
FNDA:9,(anonymous_1)
FNDA:0,(anonymous_2)
DA:5,9
DA:6,9
DA:7,9
DA:9,9
DA:10,6
DA:12,3
DA:14,9
DA:15,9
DA:18,0
DA:19,0
LF:10
LH:8
BRDA:4,0,0,9
BRDA:9,1,0,6
BRDA:9,1,1,3
BRF:3
BRH:3
end_of_record
