{
  "/app/lib/utils/createGreeting.ts": {
    "path": "/app/lib/utils/createGreeting.ts",
    "statementMap": {
      "0": {
        "start": {
          "line": 2,
          "column": 4
        },
        "end": {
          "line": 2,
          "column": null
        }
      }
    },
    "fnMap": {
      "0": {
        "name": "createGreeting",
        "decl": {
          "start": {
            "line": 1,
            "column": 16
          },
          "end": {
            "line": 1,
            "column": 31
          }
        },
        "loc": {
          "start": {
            "line": 1,
            "column": 54
          },
          "end": {
            "line": 3,
            "column": null
          }
        }
      }
    },
    "branchMap": {
      "0": {
        "loc": {
          "start": {
            "line": 2,
            "column": 11
          },
          "end": {
            "line": 2,
            "column": null
          }
        },
        "type": "cond-expr",
        "locations": [
          {
            "start": {
              "line": 2,
              "column": 32
            },
            "end": {
              "line": 2,
              "column": 43
            }
          },
          {
            "start": {
              "line": 2,
              "column": 43
            },
            "end": {
              "line": 2,
              "column": null
            }
          }
        ]
      }
    },
    "s": {
      "0": 5
    },
    "f": {
      "0": 5
    },
    "b": {
      "0": [
        3,
        2
      ]
    }
  },
  "/app/lib/components/Greeting.vue": {
    "path": "/app/lib/components/Greeting.vue",
    "statementMap": {
      "0": {
        "start": {
          "line": 9,
          "column": 4
        },
        "end": {
          "line": 9,
          "column": 39
        }
      }
    },
    "fnMap": {},
    "branchMap": {},
    "s": {
      "0": 5
    },
    "f": {},
    "b": {}
  }
}