{"/home/lucas/storybook/lib/components/Greeting.vue": {"path":"/home/lucas/storybook/lib/components/Greeting.vue","statementMap":{"0":{"start":{"line":8,"column":4},"end":{"line":8,"column":39}}},"fnMap":{},"branchMap":{},"s":{"0":0},"f":{},"b":{}}
,"/home/lucas/storybook/lib/utils/createGreeting.ts": {"path":"/home/lucas/storybook/lib/utils/createGreeting.ts","statementMap":{"0":{"start":{"line":2,"column":4},"end":{"line":2,"column":null}}},"fnMap":{"0":{"name":"createGreeting","decl":{"start":{"line":1,"column":16},"end":{"line":1,"column":31}},"loc":{"start":{"line":1,"column":54},"end":{"line":3,"column":null}}}},"branchMap":{"0":{"loc":{"start":{"line":2,"column":11},"end":{"line":2,"column":null}},"type":"cond-expr","locations":[{"start":{"line":2,"column":32},"end":{"line":2,"column":43}},{"start":{"line":2,"column":43},"end":{"line":2,"column":null}}]}},"s":{"0":2},"f":{"0":2},"b":{"0":[1,1]}}
}
